<?xml version="1.0" encoding="UTF-8"?>
<testsuite xmlns:xsi="http://www.w3.org/2001/XMLSchema-instance" xsi:noNamespaceSchemaLocation="https://maven.apache.org/surefire/maven-surefire-plugin/xsd/surefire-test-report-3.0.xsd" version="3.0" name="com.QuantityMeasurementAppTest" time="0.299" tests="81" errors="0" skipped="0" failures="0">
  <properties>
[...]
</properties>
  <testcase name="testConversion_LitreToMillilitre" classname="com.QuantityMeasurementAppTest" time="0.059"/>
  <testcase name="testAddition_TargetUnit_Commutative" classname="com.QuantityMeasurementAppTest" time="0.007"/>
  <testcase name="testConversion_PoundToKilogram" classname="com.QuantityMeasurementAppTest" time="0.003"/>
  <testcase name="testEquality_CentimetersToInches_EquivalentValue" classname="com.QuantityMeasurementAppTest" time="0.002"/>
  <testcase name="testCrossCategoryComparison_VolumeVsWeight" classname="com.QuantityMeasurementAppTest" time="0.001"/>
  <testcase name="testEquality_GallonToLitre_EquivalentValue" classname="com.QuantityMeasurementAppTest" time="0.002"/>
  <testcase name="testTemperatureEquality_CelsiusToFahrenheit" classname="com.QuantityMeasurementAppTest" time="0.003"/>
  <testcase name="testLength_FeetToInches_Equivalent" classname="com.QuantityMeasurementAppTest" time="0.001"/>
  <testcase name="testTemperature_Subtract_NotSupported" classname="com.QuantityMeasurementAppTest" time="0.003"/>
  <testcase name="testSubtraction_NullOperand" classname="com.QuantityMeasurementAppTest" time="0.002"/>
  <testcase name="testLength_InvalidUnit" classname="com.QuantityMeasurementAppTest" time="0.002"/>
  <testcase name="testSubtraction_CrossUnit_FeetMinusInches" classname="com.QuantityMeasurementAppTest" time="0.001"/>
  <testcase name="testValidation_CrossCategory_Divide" classname="com.QuantityMeasurementAppTest" time="0.002"/>
  <testcase name="testTemperatureEquality_CelsiusToCelsius" classname="com.QuantityMeasurementAppTest" time="0.001"/>
  <testcase name="testConversion_ZeroValue" classname="com.QuantityMeasurementAppTest" time="0.001"/>
  <testcase name="testCrossCategoryComparison_LengthVsWeight" classname="com.QuantityMeasurementAppTest" time="0.002"/>
  <testcase name="testLength_SameUnit" classname="com.QuantityMeasurementAppTest" time="0.001"/>
  <testcase name="testConversion_GallonToLitre" classname="com.QuantityMeasurementAppTest" time="0.002"/>
  <testcase name="testAddition_SameUnit_LitrePlusLitre" classname="com.QuantityMeasurementAppTest" time="0.001"/>
  <testcase name="testTemperatureVsLength" classname="com.QuantityMeasurementAppTest" time="0.001"/>
  <testcase name="testEquality_KilogramToGram_EquivalentValue" classname="com.QuantityMeasurementAppTest" time="0.001"/>
  <testcase name="testEquality_YardToInches_EquivalentValue" classname="com.QuantityMeasurementAppTest" time="0.001"/>
  <testcase name="testEquality_LitreToLitre_SameValue" classname="com.QuantityMeasurementAppTest" time="0.001"/>
  <testcase name="testTemperatureEquality_Negative40Point" classname="com.QuantityMeasurementAppTest" time="0.001"/>
  <testcase name="testLength_DifferentValue" classname="com.QuantityMeasurementAppTest" time="0.002"/>
  <testcase name="testTemperatureVsVolume" classname="com.QuantityMeasurementAppTest" time="0.001"/>
  <testcase name="testTemperatureConversion_FahrenheitToCelsius" classname="com.QuantityMeasurementAppTest" time="0.002"/>
  <testcase name="testTemperatureVsWeight" classname="com.QuantityMeasurementAppTest" time="0.001"/>
  <testcase name="testEquality_YardToFeet_EquivalentValue" classname="com.QuantityMeasurementAppTest" time="0.001"/>
  <testcase name="testValidation_CrossCategory_Subtract" classname="com.QuantityMeasurementAppTest" time="0.002"/>
  <testcase name="testDivision_SameUnit" classname="com.QuantityMeasurementAppTest" time="0.0"/>
  <testcase name="testAddition_CrossUnit_FeetPlusInches" classname="com.QuantityMeasurementAppTest" time="0.001"/>
  <testcase name="testArithmeticOperation_Subtract_Computation" classname="com.QuantityMeasurementAppTest" time="0.001"/>
  <testcase name="testDivision_ByZero" classname="com.QuantityMeasurementAppTest" time="0.002"/>
  <testcase name="testValidation_NullOperand_Divide" classname="com.QuantityMeasurementAppTest" time="0.001"/>
  <testcase name="testAddition_TargetUnit_Yards" classname="com.QuantityMeasurementAppTest" time="0.001"/>
  <testcase name="testEquality_KilogramToKilogram_SameValue" classname="com.QuantityMeasurementAppTest" time="0.001"/>
  <testcase name="testAddition_Commutativity" classname="com.QuantityMeasurementAppTest" time="0.001"/>
  <testcase name="testTemperatureConversion_CelsiusToFahrenheit" classname="com.QuantityMeasurementAppTest" time="0.001"/>
  <testcase name="testTemperatureEquality_CelsiusToKelvin" classname="com.QuantityMeasurementAppTest" time="0.001"/>
  <testcase name="testArithmeticOperation_Divide_Computation" classname="com.QuantityMeasurementAppTest" time="0.001"/>
  <testcase name="testAddition_SameUnit_KilogramPlusKilogram" classname="com.QuantityMeasurementAppTest" time="0.001"/>
  <testcase name="testConversion_YardsToFeet" classname="com.QuantityMeasurementAppTest" time="0.001"/>
  <testcase name="testConversion_KilogramToGram" classname="com.QuantityMeasurementAppTest" time="0.001"/>
  <testcase name="testAddition_CrossUnit_LitrePlusMillilitre" classname="com.QuantityMeasurementAppTest" time="0.001"/>
  <testcase name="testSubtraction_ResultZero" classname="com.QuantityMeasurementAppTest" time="0.001"/>
  <testcase name="testEquality_YardToYard_SameValue" classname="com.QuantityMeasurementAppTest" time="0.001"/>
  <testcase name="testValidation_NullOperand_Subtract" classname="com.QuantityMeasurementAppTest" time="0.002"/>
  <testcase name="testConversion_FeetToInches" classname="com.QuantityMeasurementAppTest" time="0.001"/>
  <testcase name="testEquality_MultiUnit_TransitiveProperty" classname="com.QuantityMeasurementAppTest" time="0.001"/>
  <testcase name="testDivision_NullOperand" classname="com.QuantityMeasurementAppTest" time="0.003"/>
  <testcase name="testTemperatureConversion_CelsiusToKelvin" classname="com.QuantityMeasurementAppTest" time="0.001"/>
  <testcase name="testAddition_SameUnit" classname="com.QuantityMeasurementAppTest" time="0.001"/>
  <testcase name="testAddition_CrossUnit_KilogramPlusGram" classname="com.QuantityMeasurementAppTest" time="0.0"/>
  <testcase name="testTemperature_Divide_NotSupported" classname="com.QuantityMeasurementAppTest" time="0.002"/>
  <testcase name="testAddition_TargetUnit_Feet" classname="com.QuantityMeasurementAppTest" time="0.001"/>
  <testcase name="testAddition_TargetUnit_Null" classname="com.QuantityMeasurementAppTest" time="0.001"/>
  <testcase name="testAddition_TargetUnit_Millilitre" classname="com.QuantityMeasurementAppTest" time="0.001"/>
  <testcase name="testEquality_NullComparison" classname="com.QuantityMeasurementAppTest" time="0.001"/>
  <testcase name="testEquality_LitreToMillilitre_EquivalentValue" classname="com.QuantityMeasurementAppTest" time="0.001"/>
  <testcase name="testImmutability_AfterSubtraction" classname="com.QuantityMeasurementAppTest" time="0.001"/>
  <testcase name="testAddition_ExplicitTargetUnit" classname="com.QuantityMeasurementAppTest" time="0.001"/>
  <testcase name="testImmutability_AfterAddition" classname="com.QuantityMeasurementAppTest" time="0.001"/>
  <testcase name="testValidation_CrossCategory_Add" classname="com.QuantityMeasurementAppTest" time="0.002"/>
  <testcase name="testValidation_NullOperand_Add" classname="com.QuantityMeasurementAppTest" time="0.001"/>
  <testcase name="testConversion_InvalidInput" classname="com.QuantityMeasurementAppTest" time="0.001"/>
  <testcase name="testDivision_CrossUnit" classname="com.QuantityMeasurementAppTest" time="0.002"/>
  <testcase name="testTemperatureConversion_SameUnit" classname="com.QuantityMeasurementAppTest" time="0.001"/>
  <testcase name="testConversion_SameUnit" classname="com.QuantityMeasurementAppTest" time="0.001"/>
  <testcase name="testDivide_ByZero_Exception" classname="com.QuantityMeasurementAppTest" time="0.002"/>
  <testcase name="testSubtraction_SameUnit_Feet" classname="com.QuantityMeasurementAppTest" time="0.0"/>
  <testcase name="testTemperatureConversion_KelvinToCelsius" classname="com.QuantityMeasurementAppTest" time="0.002"/>
  <testcase name="testConversion_CentimetersToInches" classname="com.QuantityMeasurementAppTest" time="0.001"/>
  <testcase name="testAddition_NullOperand" classname="com.QuantityMeasurementAppTest" time="0.001"/>
  <testcase name="testAddition_TargetUnit_Inches" classname="com.QuantityMeasurementAppTest" time="0.001"/>
  <testcase name="testEquality_KilogramToPound_EquivalentValue" classname="com.QuantityMeasurementAppTest" time="0.001"/>
  <testcase name="testAddition_WithZero" classname="com.QuantityMeasurementAppTest" time="0.001"/>
  <testcase name="testCrossCategoryComparison_VolumeVsLength" classname="com.QuantityMeasurementAppTest" time="0.001"/>
  <testcase name="testAllOperations_AcrossCategories" classname="com.QuantityMeasurementAppTest" time="0.001"/>
  <testcase name="testArithmeticOperation_Add_Computation" classname="com.QuantityMeasurementAppTest" time="0.001"/>
  <testcase name="testTemperature_Add_NotSupported" classname="com.QuantityMeasurementAppTest" time="0.001"/>
</testsuite>